WA
{u'_type': u'stats', u'created': False, u'_shards': {u'successful': 1, u'failed': 0, u'total': 2}, u'_version': 21, u'_index': u'wa_stats', u'_id': u'0'}
[0.4107142857142857, 0.5892857142857143]
DE
{u'_type': u'stats', u'created': False, u'_shards': {u'successful': 1, u'failed': 0, u'total': 2}, u'_version': 21, u'_index': u'de_stats', u'_id': u'0'}
[0.42500000000000004, 0.575]
DC
{u'_type': u'stats', u'created': False, u'_shards': {u'successful': 1, u'failed': 0, u'total': 2}, u'_version': 21, u'_index': u'dc_stats', u'_id': u'0'}
[0.3736842105263158, 0.6263157894736842]
WI
{u'_type': u'stats', u'created': False, u'_shards': {u'successful': 1, u'failed': 0, u'total': 2}, u'_version': 21, u'_index': u'wi_stats', u'_id': u'0'}
[0.51, 0.49]
WV
{u'_type': u'stats', u'created': False, u'_shards': {u'successful': 1, u'failed': 0, u'total': 2}, u'_version': 21, u'_index': u'wv_stats', u'_id': u'0'}
[0.03333333333333333, 0.9666666666666667]
HI
{u'_type': u'stats', u'created': False, u'_shards': {u'successful': 1, u'failed': 0, u'total': 2}, u'_version': 21, u'_index': u'hi_stats', u'_id': u'0'}
[0.95, 0.050000000000000044]
FL
{u'_type': u'stats', u'created': False, u'_shards': {u'successful': 1, u'failed': 0, u'total': 2}, u'_version': 21, u'_index': u'fl_stats', u'_id': u'0'}
[0.59296875, 0.40703124999999996]
WY
{u'_type': u'stats', u'created': False, u'_shards': {u'successful': 1, u'failed': 0, u'total': 2}, u'_version': 21, u'_index': u'wy_stats', u'_id': u'0'}
[0, 0]
NH
{u'_type': u'stats', u'created': False, u'_shards': {u'successful': 1, u'failed': 0, u'total': 2}, u'_version': 21, u'_index': u'nh_stats', u'_id': u'0'}
[0.8, 0.19999999999999996]
NJ
{u'_type': u'stats', u'created': False, u'_shards': {u'successful': 1, u'failed': 0, u'total': 2}, u'_version': 21, u'_index': u'nj_stats', u'_id': u'0'}
[0.1636363636363636, 0.8363636363636364]
NM
{u'_type': u'stats', u'created': False, u'_shards': {u'successful': 1, u'failed': 0, u'total': 2}, u'_version': 21, u'_index': u'nm_stats', u'_id': u'0'}
[0.275, 0.725]
TX
{u'_type': u'stats', u'created': False, u'_shards': {u'successful': 1, u'failed': 0, u'total': 2}, u'_version': 21, u'_index': u'tx_stats', u'_id': u'0'}
[0.42499999999999993, 0.5750000000000001]
LA
{u'_type': u'stats', u'created': False, u'_shards': {u'successful': 1, u'failed': 0, u'total': 2}, u'_version': 21, u'_index': u'la_stats', u'_id': u'0'}
[0.23214285714285712, 0.7678571428571429]
NC
{u'_type': u'stats', u'created': False, u'_shards': {u'successful': 1, u'failed': 0, u'total': 2}, u'_version': 21, u'_index': u'nc_stats', u'_id': u'0'}
[0.4346153846153847, 0.5653846153846154]
ND
{u'_type': u'stats', u'created': False, u'_shards': {u'successful': 1, u'failed': 0, u'total': 2}, u'_version': 21, u'_index': u'nd_stats', u'_id': u'0'}
[0, 0]
NE
{u'_type': u'stats', u'created': False, u'_shards': {u'successful': 1, u'failed': 0, u'total': 2}, u'_version': 21, u'_index': u'ne_stats', u'_id': u'0'}
[0.95, 0.050000000000000044]
TN
{u'_type': u'stats', u'created': False, u'_shards': {u'successful': 1, u'failed': 0, u'total': 2}, u'_version': 21, u'_index': u'tn_stats', u'_id': u'0'}
[0.33571428571428574, 0.6642857142857143]
NY
{u'_type': u'stats', u'created': False, u'_shards': {u'successful': 1, u'failed': 0, u'total': 2}, u'_version': 21, u'_index': u'ny_stats', u'_id': u'0'}
[0.3831632653061224, 0.6168367346938777]
PA
{u'_type': u'stats', u'created': False, u'_shards': {u'successful': 1, u'failed': 0, u'total': 2}, u'_version': 21, u'_index': u'pa_stats', u'_id': u'0'}
[0.38593750000000004, 0.6140625]
CA
{u'_type': u'stats', u'created': False, u'_shards': {u'successful': 1, u'failed': 0, u'total': 2}, u'_version': 21, u'_index': u'ca_stats', u'_id': u'0'}
[0.4029069767441861, 0.5970930232558139]
NV
{u'_type': u'stats', u'created': False, u'_shards': {u'successful': 1, u'failed': 0, u'total': 2}, u'_version': 21, u'_index': u'nv_stats', u'_id': u'0'}
[0.7391304347826086, 0.26086956521739135]
VA
{u'_type': u'stats', u'created': False, u'_shards': {u'successful': 1, u'failed': 0, u'total': 2}, u'_version': 21, u'_index': u'va_stats', u'_id': u'0'}
[0.3022727272727273, 0.6977272727272728]
CO
{u'_type': u'stats', u'created': False, u'_shards': {u'successful': 1, u'failed': 0, u'total': 2}, u'_version': 21, u'_index': u'co_stats', u'_id': u'0'}
[0.52, 0.48]
AK
{u'_type': u'stats', u'created': False, u'_shards': {u'successful': 1, u'failed': 0, u'total': 2}, u'_version': 21, u'_index': u'ak_stats', u'_id': u'0'}
[0.0, 1.0]
AL
{u'_type': u'stats', u'created': False, u'_shards': {u'successful': 1, u'failed': 0, u'total': 2}, u'_version': 21, u'_index': u'al_stats', u'_id': u'0'}
[0.44230769230769235, 0.5576923076923077]
AR
{u'_type': u'stats', u'created': False, u'_shards': {u'successful': 1, u'failed': 0, u'total': 2}, u'_version': 21, u'_index': u'ar_stats', u'_id': u'0'}
[0.17142857142857143, 0.8285714285714285]
VT
{u'_type': u'stats', u'created': False, u'_shards': {u'successful': 1, u'failed': 0, u'total': 2}, u'_version': 21, u'_index': u'vt_stats', u'_id': u'0'}
[0.0, 1.0]
IL
{u'_type': u'stats', u'created': False, u'_shards': {u'successful': 1, u'failed': 0, u'total': 2}, u'_version': 21, u'_index': u'il_stats', u'_id': u'0'}
[0.1236842105263158, 0.8763157894736842]
GA
{u'_type': u'stats', u'created': False, u'_shards': {u'successful': 1, u'failed': 0, u'total': 2}, u'_version': 21, u'_index': u'ga_stats', u'_id': u'0'}
[0.13636363636363638, 0.8636363636363636]
IN
{u'_type': u'stats', u'created': False, u'_shards': {u'successful': 1, u'failed': 0, u'total': 2}, u'_version': 21, u'_index': u'in_stats', u'_id': u'0'}
[0.25769230769230766, 0.7423076923076923]
IA
{u'_type': u'stats', u'created': False, u'_shards': {u'successful': 1, u'failed': 0, u'total': 2}, u'_version': 21, u'_index': u'ia_stats', u'_id': u'0'}
[0.07916666666666666, 0.9208333333333334]
MA
{u'_type': u'stats', u'created': False, u'_shards': {u'successful': 1, u'failed': 0, u'total': 2}, u'_version': 21, u'_index': u'ma_stats', u'_id': u'0'}
[0.2476190476190476, 0.7523809523809524]
AZ
{u'_type': u'stats', u'created': False, u'_shards': {u'successful': 1, u'failed': 0, u'total': 2}, u'_version': 21, u'_index': u'az_stats', u'_id': u'0'}
[0.3888888888888889, 0.6111111111111112]
ID
{u'_type': u'stats', u'created': False, u'_shards': {u'successful': 1, u'failed': 0, u'total': 2}, u'_version': 21, u'_index': u'id_stats', u'_id': u'0'}
[0, 0]
CT
{u'_type': u'stats', u'created': False, u'_shards': {u'successful': 1, u'failed': 0, u'total': 2}, u'_version': 21, u'_index': u'ct_stats', u'_id': u'0'}
[0.0, 1.0]
ME
{u'_type': u'stats', u'created': False, u'_shards': {u'successful': 1, u'failed': 0, u'total': 2}, u'_version': 21, u'_index': u'me_stats', u'_id': u'0'}
[0, 0]
MD
{u'_type': u'stats', u'created': False, u'_shards': {u'successful': 1, u'failed': 0, u'total': 2}, u'_version': 21, u'_index': u'md_stats', u'_id': u'0'}
[0.15555555555555556, 0.8444444444444444]
OK
{u'_type': u'stats', u'created': False, u'_shards': {u'successful': 1, u'failed': 0, u'total': 2}, u'_version': 21, u'_index': u'ok_stats', u'_id': u'0'}
[0.0, 1.0]
OH
{u'_type': u'stats', u'created': False, u'_shards': {u'successful': 1, u'failed': 0, u'total': 2}, u'_version': 21, u'_index': u'oh_stats', u'_id': u'0'}
[0.21999999999999997, 0.78]
UT
{u'_type': u'stats', u'created': False, u'_shards': {u'successful': 1, u'failed': 0, u'total': 2}, u'_version': 21, u'_index': u'ut_stats', u'_id': u'0'}
[0.0, 1.0]
MO
{u'_type': u'stats', u'created': False, u'_shards': {u'successful': 1, u'failed': 0, u'total': 2}, u'_version': 21, u'_index': u'mo_stats', u'_id': u'0'}
[0.0, 1.0]
MN
{u'_type': u'stats', u'created': False, u'_shards': {u'successful': 1, u'failed': 0, u'total': 2}, u'_version': 21, u'_index': u'mn_stats', u'_id': u'0'}
[0.2, 0.8]
MI
{u'_type': u'stats', u'created': False, u'_shards': {u'successful': 1, u'failed': 0, u'total': 2}, u'_version': 21, u'_index': u'mi_stats', u'_id': u'0'}
[0.034090909090909095, 0.9659090909090909]
RI
{u'_type': u'stats', u'created': False, u'_shards': {u'successful': 1, u'failed': 0, u'total': 2}, u'_version': 21, u'_index': u'ri_stats', u'_id': u'0'}
[0, 0]
KS
{u'_